<?xml version="1.0" encoding="UTF-8"?>
<!-- Generated by org.testng.reporters.JUnitReportReporter -->
<testsuite skipped="0" hostname="DESKTOP-049QI7N" name="seleniumprojectone.TC_01" tests="1" failures="0" timestamp="28 Feb 2020 11:16:18 GMT" time="7.153" errors="0">
  <testcase name="testOne" time="7.153" classname="seleniumprojectone.TC_01"/>
</testsuite> <!-- seleniumprojectone.TC_01 -->
